TN:
SF:./index.js
FN:21,(anonymous_0)
FN:43,(anonymous_1)
FN:53,(anonymous_2)
FN:55,(anonymous_3)
FN:56,(anonymous_4)
FN:60,(anonymous_5)
FN:87,(anonymous_6)
FN:96,(anonymous_7)
FN:96,(anonymous_8)
FN:98,(anonymous_9)
FN:98,(anonymous_10)
FN:109,(anonymous_11)
FN:114,(anonymous_12)
FN:114,(anonymous_13)
FN:114,(anonymous_14)
FN:133,(anonymous_15)
FN:150,(anonymous_16)
FN:150,(anonymous_17)
FN:162,(anonymous_18)
FN:165,(anonymous_19)
FN:165,(anonymous_20)
FN:165,(anonymous_21)
FN:170,(anonymous_22)
FN:175,(anonymous_23)
FN:180,(anonymous_24)
FN:198,getNewClient
FN:201,(anonymous_26)
FN:208,(anonymous_27)
FNF:28
FNH:28
FNDA:7,(anonymous_0)
FNDA:8,(anonymous_1)
FNDA:6,(anonymous_2)
FNDA:3,(anonymous_3)
FNDA:2,(anonymous_4)
FNDA:6,(anonymous_5)
FNDA:5,(anonymous_6)
FNDA:1,(anonymous_7)
FNDA:1,(anonymous_8)
FNDA:2,(anonymous_9)
FNDA:2,(anonymous_10)
FNDA:7,(anonymous_11)
FNDA:6,(anonymous_12)
FNDA:6,(anonymous_13)
FNDA:6,(anonymous_14)
FNDA:7,(anonymous_15)
FNDA:6,(anonymous_16)
FNDA:6,(anonymous_17)
FNDA:4,(anonymous_18)
FNDA:2,(anonymous_19)
FNDA:2,(anonymous_20)
FNDA:2,(anonymous_21)
FNDA:3,(anonymous_22)
FNDA:1,(anonymous_23)
FNDA:11,(anonymous_24)
FNDA:11,getNewClient
FNDA:11,(anonymous_26)
FNDA:11,(anonymous_27)
DA:3,1
DA:4,1
DA:5,1
DA:6,1
DA:21,1
DA:23,7
DA:24,7
DA:25,7
DA:26,7
DA:27,7
DA:43,1
DA:45,8
DA:47,6
DA:48,6
DA:50,6
DA:52,6
DA:53,6
DA:55,6
DA:56,6
DA:60,6
DA:62,6
DA:64,6
DA:65,2
DA:67,4
DA:69,6
DA:72,2
DA:74,1
DA:78,1
DA:87,1
DA:89,5
DA:91,4
DA:93,3
DA:95,3
DA:96,1
DA:98,2
DA:102,2
DA:109,1
DA:111,7
DA:113,6
DA:114,6
DA:117,1
DA:133,1
DA:135,7
DA:136,7
DA:138,7
DA:140,6
DA:142,6
DA:143,1
DA:145,5
DA:147,6
DA:148,5
DA:150,6
DA:154,1
DA:162,1
DA:164,4
DA:165,2
DA:167,2
DA:170,1
DA:172,3
DA:175,1
DA:177,1
DA:180,1
DA:182,11
DA:185,1
DA:200,11
DA:203,11
DA:210,11
DA:216,11
DA:220,1
LF:69
LH:69
BRDA:45,0,0,6
BRDA:45,0,1,2
BRDA:45,1,0,8
BRDA:45,1,1,7
BRDA:50,2,0,6
BRDA:50,2,1,0
BRDA:55,3,0,3
BRDA:55,3,1,3
BRDA:56,4,0,2
BRDA:56,4,1,2
BRDA:64,5,0,2
BRDA:64,5,1,4
BRDA:72,6,0,1
BRDA:72,6,1,1
BRDA:89,7,0,4
BRDA:89,7,1,1
BRDA:91,8,0,3
BRDA:91,8,1,1
BRDA:95,9,0,1
BRDA:95,9,1,2
BRDA:111,10,0,6
BRDA:111,10,1,1
BRDA:136,11,0,7
BRDA:136,11,1,2
BRDA:138,12,0,6
BRDA:138,12,1,1
BRDA:142,13,0,1
BRDA:142,13,1,5
BRDA:142,14,0,6
BRDA:142,14,1,1
BRDA:147,15,0,5
BRDA:147,15,1,1
BRDA:164,16,0,2
BRDA:164,16,1,2
BRDA:177,17,0,1
BRDA:177,17,1,0
BRF:36
BRH:34
end_of_record
